<!--  Edited with XML Spy v2007 (http://www.altova.com)  -->
<breakfast_menu>
<food>
<name>Belgian Waffles</name>
<price>$5.95</price>
<description>two of our famous Belgian Waffles with plenty of real maple syrup</description>
<calories>660</calories>
</food>
</breakfast_menu>